<?xml version="1.0" encoding="UTF-8"?>
<testng-results ignored="0" total="1" passed="1" failed="0" skipped="0">
  <reporter-output>
  </reporter-output>
  <suite started-at="2021-12-01T23:11:15 PST" name="Default suite" finished-at="2021-12-01T23:11:18 PST" duration-ms="3393">
    <groups>
    </groups>
    <test started-at="2021-12-01T23:11:15 PST" name="Default test" finished-at="2021-12-01T23:11:18 PST" duration-ms="3393">
      <class name="com.qa.rest.tests.normalGET">
        <test-method signature="get()[pri:0, instance:com.qa.rest.tests.normalGET@41e1e210]" started-at="2021-12-01T23:11:15 PST" name="get" finished-at="2021-12-01T23:11:18 PST" duration-ms="3208" status="PASS">
          <reporter-output>
          </reporter-output>
        </test-method> <!-- get -->
      </class> <!-- com.qa.rest.tests.normalGET -->
    </test> <!-- Default test -->
  </suite> <!-- Default suite -->
</testng-results>
